{
  meta: {
    req: {
      url: '/api/auth/register',
      headers: {
        'content-type': 'application/json',
        'user-agent': 'PostmanRuntime/7.41.0',
        accept: '*/*',
        'postman-token': '6bd77069-7fe2-4781-a8ea-10eb626cbf23',
        host: 'localhost:5000',
        'accept-encoding': 'gzip, deflate, br',
        connection: 'keep-alive',
        'content-length': '199'
      },
      method: 'POST',
      httpVersion: '1.1',
      originalUrl: '/api/auth/register',
      query: {}
    },
    res: { statusCode: 500 },
    responseTime: 10058
  },
  level: 'error',
  message: 'HTTP POST /api/auth/register'
}
{
  meta: {
    req: {
      url: '/api/auth/register',
      headers: {
        'content-type': 'application/json',
        'user-agent': 'PostmanRuntime/7.41.0',
        accept: '*/*',
        'postman-token': 'c31c8262-3ca3-4e09-af24-f6fdde235a1e',
        host: 'localhost:5000',
        'accept-encoding': 'gzip, deflate, br',
        connection: 'keep-alive',
        'content-length': '199'
      },
      method: 'POST',
      httpVersion: '1.1',
      originalUrl: '/api/auth/register',
      query: {}
    },
    res: { statusCode: 500 },
    responseTime: 10016
  },
  level: 'error',
  message: 'HTTP POST /api/auth/register'
}
{
  meta: {
    req: {
      url: '/api/auth/register',
      headers: {
        'content-type': 'application/json',
        'user-agent': 'PostmanRuntime/7.41.0',
        accept: '*/*',
        'postman-token': 'b7769562-4625-4c6f-a2f1-b6a51f69486b',
        host: 'localhost:5000',
        'accept-encoding': 'gzip, deflate, br',
        connection: 'keep-alive',
        'content-length': '199'
      },
      method: 'POST',
      httpVersion: '1.1',
      originalUrl: '/api/auth/register',
      query: {}
    },
    res: { statusCode: 500 },
    responseTime: 10068
  },
  level: 'error',
  message: 'HTTP POST /api/auth/register'
}
